# JRE version: Java(TM) SE Runtime Environment (8.0_161-b12) (build 1.8.0_161-b12)
# Java VM: Java HotSpot(TM) 64-Bit Server VM (25.161-b12 mixed mode linux-amd64 compressed oops)
Heap:
 PSYoungGen      total 17920K, used 9578K [0x00000000ec380000, 0x00000000ee900000, 0x0000000100000000)
  eden space 15360K, 48% used [0x00000000ec380000,0x00000000ecad2b90,0x00000000ed280000)
  from space 2560K, 81% used [0x00000000ed280000,0x00000000ed488028,0x00000000ed500000)
  to   space 7168K, 0% used [0x00000000ee200000,0x00000000ee200000,0x00000000ee900000)
 ParOldGen       total 36864K, used 10926K [0x00000000c4a00000, 0x00000000c6e00000, 0x00000000ec380000)
  object space 36864K, 29% used [0x00000000c4a00000,0x00000000c54abbb0,0x00000000c6e00000)
 Metaspace       used 24235K, capacity 25332K, committed 25600K, reserved 1071104K
  class space    used 3226K, capacity 3469K, committed 3584K, reserved 1048576K
GC Heap History (10 events):
Event: 0.973 GC heap before
{Heap before GC invocations=2 (full 0):
 PSYoungGen      total 17920K, used 17904K [0x00000000ec380000, 0x00000000ed780000, 0x0000000100000000)
  eden space 15360K, 100% used [0x00000000ec380000,0x00000000ed280000,0x00000000ed280000)
  from space 2560K, 99% used [0x00000000ed280000,0x00000000ed4fc040,0x00000000ed500000)
  to   space 2560K, 0% used [0x00000000ed500000,0x00000000ed500000,0x00000000ed780000)
 ParOldGen       total 40960K, used 296K [0x00000000c4a00000, 0x00000000c7200000, 0x00000000ec380000)
  object space 40960K, 0% used [0x00000000c4a00000,0x00000000c4a4a080,0x00000000c7200000)
 Metaspace       used 14435K, capacity 15004K, committed 15232K, reserved 1062912K
  class space    used 1931K, capacity 2099K, committed 2176K, reserved 1048576K
Event: 0.977 GC heap after
Heap after GC invocations=2 (full 0):
 PSYoungGen      total 17920K, used 2528K [0x00000000ec380000, 0x00000000ee680000, 0x0000000100000000)
  eden space 15360K, 0% used [0x00000000ec380000,0x00000000ec380000,0x00000000ed280000)
  from space 2560K, 98% used [0x00000000ed500000,0x00000000ed778040,0x00000000ed780000)
  to   space 2560K, 0% used [0x00000000ed280000,0x00000000ed280000,0x00000000ed500000)
 ParOldGen       total 40960K, used 4673K [0x00000000c4a00000, 0x00000000c7200000, 0x00000000ec380000)
  object space 40960K, 11% used [0x00000000c4a00000,0x00000000c4e905b8,0x00000000c7200000)
 Metaspace       used 14435K, capacity 15004K, committed 15232K, reserved 1062912K
  class space    used 1931K, capacity 2099K, committed 2176K, reserved 1048576K
}
Event: 1.364 GC heap before
{Heap before GC invocations=3 (full 0):
 PSYoungGen      total 17920K, used 17861K [0x00000000ec380000, 0x00000000ee680000, 0x0000000100000000)
  eden space 15360K, 99% used [0x00000000ec380000,0x00000000ed2793d0,0x00000000ed280000)
  from space 2560K, 98% used [0x00000000ed500000,0x00000000ed778040,0x00000000ed780000)
  to   space 2560K, 0% used [0x00000000ed280000,0x00000000ed280000,0x00000000ed500000)
 ParOldGen       total 40960K, used 4673K [0x00000000c4a00000, 0x00000000c7200000, 0x00000000ec380000)
  object space 40960K, 11% used [0x00000000c4a00000,0x00000000c4e905b8,0x00000000c7200000)
 Metaspace       used 18669K, capacity 19356K, committed 19456K, reserved 1067008K
  class space    used 2595K, capacity 2783K, committed 2816K, reserved 1048576K
Event: 1.370 GC heap after
Heap after GC invocations=3 (full 0):
 PSYoungGen      total 17920K, used 2528K [0x00000000ec380000, 0x00000000ee680000, 0x0000000100000000)
  eden space 15360K, 0% used [0x00000000ec380000,0x00000000ec380000,0x00000000ed280000)
  from space 2560K, 98% used [0x00000000ed280000,0x00000000ed4f8040,0x00000000ed500000)
  to   space 2560K, 0% used [0x00000000ee400000,0x00000000ee400000,0x00000000ee680000)
 ParOldGen       total 40960K, used 7124K [0x00000000c4a00000, 0x00000000c7200000, 0x00000000ec380000)
  object space 40960K, 17% used [0x00000000c4a00000,0x00000000c50f52b8,0x00000000c7200000)
 Metaspace       used 18669K, capacity 19356K, committed 19456K, reserved 1067008K
  class space    used 2595K, capacity 2783K, committed 2816K, reserved 1048576K
}
Event: 9.864 GC heap before
{Heap before GC invocations=4 (full 0):
 PSYoungGen      total 17920K, used 13492K [0x00000000ec380000, 0x00000000ee680000, 0x0000000100000000)
  eden space 15360K, 71% used [0x00000000ec380000,0x00000000ece35210,0x00000000ed280000)
  from space 2560K, 98% used [0x00000000ed280000,0x00000000ed4f8040,0x00000000ed500000)
  to   space 2560K, 0% used [0x00000000ee400000,0x00000000ee400000,0x00000000ee680000)
 ParOldGen       total 40960K, used 7124K [0x00000000c4a00000, 0x00000000c7200000, 0x00000000ec380000)
  object space 40960K, 17% used [0x00000000c4a00000,0x00000000c50f52b8,0x00000000c7200000)
 Metaspace       used 20480K, capacity 21132K, committed 21248K, reserved 1067008K
  class space    used 2787K, capacity 2983K, committed 3072K, reserved 1048576K
Event: 9.872 GC heap after
Heap after GC invocations=4 (full 0):
 PSYoungGen      total 17920K, used 2545K [0x00000000ec380000, 0x00000000ee680000, 0x0000000100000000)
  eden space 15360K, 0% used [0x00000000ec380000,0x00000000ec380000,0x00000000ed280000)
  from space 2560K, 99% used [0x00000000ee400000,0x00000000ee67c4b0,0x00000000ee680000)
  to   space 2560K, 0% used [0x00000000ed280000,0x00000000ed280000,0x00000000ed500000)
 ParOldGen       total 40960K, used 9496K [0x00000000c4a00000, 0x00000000c7200000, 0x00000000ec380000)
  object space 40960K, 23% used [0x00000000c4a00000,0x00000000c5346188,0x00000000c7200000)
 Metaspace       used 20480K, capacity 21132K, committed 21248K, reserved 1067008K
  class space    used 2787K, capacity 2983K, committed 3072K, reserved 1048576K
}
Event: 9.872 GC heap before
{Heap before GC invocations=5 (full 1):
 PSYoungGen      total 17920K, used 2545K [0x00000000ec380000, 0x00000000ee680000, 0x0000000100000000)
  eden space 15360K, 0% used [0x00000000ec380000,0x00000000ec380000,0x00000000ed280000)
  from space 2560K, 99% used [0x00000000ee400000,0x00000000ee67c4b0,0x00000000ee680000)
  to   space 2560K, 0% used [0x00000000ed280000,0x00000000ed280000,0x00000000ed500000)
 ParOldGen       total 40960K, used 9496K [0x00000000c4a00000, 0x00000000c7200000, 0x00000000ec380000)
  object space 40960K, 23% used [0x00000000c4a00000,0x00000000c5346188,0x00000000c7200000)
 Metaspace       used 20480K, capacity 21132K, committed 21248K, reserved 1067008K
  class space    used 2787K, capacity 2983K, committed 3072K, reserved 1048576K
Event: 9.924 GC heap after
Heap after GC invocations=5 (full 1):
 PSYoungGen      total 17920K, used 0K [0x00000000ec380000, 0x00000000ee680000, 0x0000000100000000)
  eden space 15360K, 0% used [0x00000000ec380000,0x00000000ec380000,0x00000000ed280000)
  from space 2560K, 0% used [0x00000000ee400000,0x00000000ee400000,0x00000000ee680000)
  to   space 2560K, 0% used [0x00000000ed280000,0x00000000ed280000,0x00000000ed500000)
 ParOldGen       total 36864K, used 10918K [0x00000000c4a00000, 0x00000000c6e00000, 0x00000000ec380000)
  object space 36864K, 29% used [0x00000000c4a00000,0x00000000c54a9bb0,0x00000000c6e00000)
 Metaspace       used 20480K, capacity 21132K, committed 21248K, reserved 1067008K
  class space    used 2787K, capacity 2983K, committed 3072K, reserved 1048576K
}
Event: 69.774 GC heap before
{Heap before GC invocations=6 (full 1):
 PSYoungGen      total 17920K, used 15360K [0x00000000ec380000, 0x00000000ee680000, 0x0000000100000000)
  eden space 15360K, 100% used [0x00000000ec380000,0x00000000ed280000,0x00000000ed280000)
  from space 2560K, 0% used [0x00000000ee400000,0x00000000ee400000,0x00000000ee680000)
  to   space 2560K, 0% used [0x00000000ed280000,0x00000000ed280000,0x00000000ed500000)
 ParOldGen       total 36864K, used 10918K [0x00000000c4a00000, 0x00000000c6e00000, 0x00000000ec380000)
  object space 36864K, 29% used [0x00000000c4a00000,0x00000000c54a9bb0,0x00000000c6e00000)
 Metaspace       used 23119K, capacity 23886K, committed 24064K, reserved 1071104K
  class space    used 3004K, capacity 3206K, committed 3328K, reserved 1048576K
Event: 69.778 GC heap after
Heap after GC invocations=6 (full 1):
 PSYoungGen      total 17920K, used 2080K [0x00000000ec380000, 0x00000000ee900000, 0x0000000100000000)
  eden space 15360K, 0% used [0x00000000ec380000,0x00000000ec380000,0x00000000ed280000)
  from space 2560K, 81% used [0x00000000ed280000,0x00000000ed488028,0x00000000ed500000)
  to   space 7168K, 0% used [0x00000000ee200000,0x00000000ee200000,0x00000000ee900000)
 ParOldGen       total 36864K, used 10926K [0x00000000c4a00000, 0x00000000c6e00000, 0x00000000ec380000)
  object space 36864K, 29% used [0x00000000c4a00000,0x00000000c54abbb0,0x00000000c6e00000)
 Metaspace       used 23119K, capacity 23886K, committed 24064K, reserved 1071104K
  class space    used 3004K, capacity 3206K, committed 3328K, reserved 1048576K
}

